2023-06-06 09:03:06,495 [INFO] Activator:176 - 


2023-06-06 09:03:06,500 [INFO] Activator:177 - !SESSION log4j initialized
2023-06-06 09:03:12,238 [INFO] LogOutputStream:77 - [STDOUT_REDIRECT] 
2023-06-06 09:03:30,978 [ERROR] LogOutputStream:75 - [STDERR_REDIRECT] SLF4J: Failed to load class "org.slf4j.impl.StaticLoggerBinder".
2023-06-06 09:03:30,979 [ERROR] LogOutputStream:75 - [STDERR_REDIRECT] SLF4J: Defaulting to no-operation (NOP) logger implementation
2023-06-06 09:03:30,980 [ERROR] LogOutputStream:75 - [STDERR_REDIRECT] SLF4J: See http://www.slf4j.org/codes.html#StaticLoggerBinder for further details.
2023-06-06 09:33:26,433 [INFO] ApplicationProperties:184 - Using Application install path: C:\ST\STM32CubeIDE_1.11.0\STM32CubeIDE\plugins\com.st.stm32cube.common.mx_6.8.0.202302231600
2023-06-06 09:33:26,452 [INFO] DbMcusXml:78 - Set database path to: C:\ST\STM32CubeIDE_1.11.0\STM32CubeIDE\plugins\com.st.stm32cube.common.mx_6.8.0.202302231600\\db\/mcu/
2023-06-06 09:33:26,453 [INFO] ApiDb:274 - Set plugin database path to: C:\ST\STM32CubeIDE_1.11.0\STM32CubeIDE\plugins\com.st.stm32cube.common.mx_6.8.0.202302231600\\db\/plugins/boardmanager/
2023-06-06 09:33:26,454 [WARN] ApiDb:259 - Overriding images path with different value:  => C:\ST\STM32CubeIDE_1.11.0\STM32CubeIDE\plugins\com.st.stm32cube.common.mx_6.8.0.202302231600\\db\/plugins/mcufinder/images/
2023-06-06 09:33:26,465 [INFO] ApiDb:250 - Set database path to: C:\Users\nolan\.stmcufinder\plugins\mcufinder//mcu/
2023-06-06 09:33:26,467 [INFO] DbMcusAds:125 - Set database path to: C:\Users\nolan\.stmcufinder\plugins\mcufinder//mcu/
2023-06-06 09:33:26,475 [INFO] CrossReferenceDbSqlite:203 - Set database path to: C:\Users\nolan\.stmcufinder\plugins\mcufinder//mcu/cs/
2023-06-06 09:33:26,549 [INFO] RulesReader:64 - Compatibility file has been processed (293 Rules)
2023-06-06 09:33:26,605 [INFO] DbMcusXml:78 - Set database path to: C:\ST\STM32CubeIDE_1.11.0\STM32CubeIDE\plugins\com.st.stm32cube.common.mx_6.8.0.202302231600\\db\/mcu/
2023-06-06 09:33:26,606 [INFO] ApiDb:274 - Set plugin database path to: C:\ST\STM32CubeIDE_1.11.0\STM32CubeIDE\plugins\com.st.stm32cube.common.mx_6.8.0.202302231600\\db\/plugins/boardmanager/
2023-06-06 09:33:26,606 [INFO] ApiDb:261 - Set plugin images path to: C:\ST\STM32CubeIDE_1.11.0\STM32CubeIDE\plugins\com.st.stm32cube.common.mx_6.8.0.202302231600\\db\/plugins/mcufinder/images/
2023-06-06 09:33:26,606 [WARN] DbFile:41 - Overriding database path with different value: C:\Users\nolan\.stmcufinder\plugins\mcufinder/ => C:\Users\nolan\.stmcufinder\plugins\mcufinder
2023-06-06 09:33:26,606 [INFO] ApiDb:250 - Set database path to: C:\Users\nolan\.stmcufinder\plugins\mcufinder//mcu/
2023-06-06 09:33:26,606 [WARN] DbFile:41 - Overriding database path with different value: C:\Users\nolan\.stmcufinder\plugins\mcufinder/ => C:\Users\nolan\.stmcufinder\plugins\mcufinder
2023-06-06 09:33:26,606 [INFO] DbMcusAds:125 - Set database path to: C:\Users\nolan\.stmcufinder\plugins\mcufinder//mcu/
2023-06-06 09:33:26,606 [WARN] DbFile:41 - Overriding database path with different value: C:\Users\nolan\.stmcufinder\plugins\mcufinder/ => C:\Users\nolan\.stmcufinder\plugins\mcufinder
2023-06-06 09:33:26,606 [WARN] DbFile:41 - Overriding database path with different value: C:\Users\nolan\.stmcufinder\plugins\mcufinder/ => C:\Users\nolan\.stmcufinder\plugins\mcufinder
2023-06-06 09:33:26,606 [INFO] CrossReferenceDbSqlite:203 - Set database path to: C:\Users\nolan\.stmcufinder\plugins\mcufinder//mcu/cs/
2023-06-06 09:33:26,658 [INFO] MainPanel:253 - HeapMemory: 448790528
2023-06-06 09:33:26,729 [INFO] DbMcusXml:78 - Set database path to: C:\ST\STM32CubeIDE_1.11.0\STM32CubeIDE\plugins\com.st.stm32cube.common.mx_6.8.0.202302231600\\db\/mcu/
2023-06-06 09:33:26,729 [INFO] ApiDb:274 - Set plugin database path to: C:\ST\STM32CubeIDE_1.11.0\STM32CubeIDE\plugins\com.st.stm32cube.common.mx_6.8.0.202302231600\\db\/plugins/boardmanager/
2023-06-06 09:33:26,729 [INFO] ApiDb:261 - Set plugin images path to: C:\ST\STM32CubeIDE_1.11.0\STM32CubeIDE\plugins\com.st.stm32cube.common.mx_6.8.0.202302231600\\db\/plugins/mcufinder/images/
2023-06-06 09:33:26,729 [WARN] DbFile:41 - Overriding database path with different value: C:\Users\nolan\.stmcufinder\plugins\mcufinder/ => C:\Users\nolan\.stmcufinder\plugins\mcufinder
2023-06-06 09:33:26,729 [INFO] ApiDb:250 - Set database path to: C:\Users\nolan\.stmcufinder\plugins\mcufinder//mcu/
2023-06-06 09:33:26,729 [WARN] DbFile:41 - Overriding database path with different value: C:\Users\nolan\.stmcufinder\plugins\mcufinder/ => C:\Users\nolan\.stmcufinder\plugins\mcufinder
2023-06-06 09:33:26,729 [INFO] DbMcusAds:125 - Set database path to: C:\Users\nolan\.stmcufinder\plugins\mcufinder//mcu/
2023-06-06 09:33:26,729 [WARN] DbFile:41 - Overriding database path with different value: C:\Users\nolan\.stmcufinder\plugins\mcufinder/ => C:\Users\nolan\.stmcufinder\plugins\mcufinder
2023-06-06 09:33:26,729 [WARN] DbFile:41 - Overriding database path with different value: C:\Users\nolan\.stmcufinder\plugins\mcufinder/ => C:\Users\nolan\.stmcufinder\plugins\mcufinder
2023-06-06 09:33:26,730 [INFO] CrossReferenceDbSqlite:203 - Set database path to: C:\Users\nolan\.stmcufinder\plugins\mcufinder//mcu/cs/
2023-06-06 09:33:26,744 [INFO] ApplicationProperties:184 - Using Application install path: C:\ST\STM32CubeIDE_1.11.0\STM32CubeIDE\plugins\com.st.stm32cube.common.mx_6.8.0.202302231600
2023-06-06 09:33:26,746 [INFO] PluginManage:196 - Search for loadable plugins [exclusion list=, ]
2023-06-06 09:33:26,747 [INFO] PluginManage:310 - Check plugin analytics
2023-06-06 09:33:26,871 [INFO] AnalyticsPlugin:253 - Accepted Software Licenses: 
2023-06-06 09:33:26,871 [INFO] AnalyticsPlugin:255 - Accepted CMSIS Pack Licenses: 
2023-06-06 09:33:26,871 [INFO] AnalyticsPlugin:257 - Accepted Firmware Licenses: 
2023-06-06 09:33:26,878 [INFO] PluginManage:359 - Loaded plugin analytics (category:tool,tabindex:-1)
2023-06-06 09:33:26,878 [INFO] PluginManage:310 - Check plugin cadmodel
2023-06-06 09:33:26,884 [INFO] CADModel:105 - Init CAD model plugin
2023-06-06 09:33:26,884 [INFO] PluginManage:359 - Loaded plugin cadmodel (category:power,tabindex:5)
2023-06-06 09:33:26,884 [INFO] PluginManage:310 - Check plugin clock
2023-06-06 09:33:26,893 [INFO] PluginManage:359 - Loaded plugin clock (category:base,tabindex:2)
2023-06-06 09:33:26,893 [INFO] PluginManage:310 - Check plugin ddr
2023-06-06 09:33:26,896 [INFO] PluginManage:359 - Loaded plugin ddr (category:tool,tabindex:6)
2023-06-06 09:33:26,896 [INFO] PluginManage:310 - Check plugin filemanager
2023-06-06 09:33:27,003 [INFO] PluginManage:359 - Loaded plugin filemanager (category:base,tabindex:10)
2023-06-06 09:33:27,003 [INFO] PluginManage:310 - Check plugin ipmanager
2023-06-06 09:33:27,008 [INFO] PluginManage:359 - Loaded plugin ipmanager (category:base,tabindex:5)
2023-06-06 09:33:27,008 [INFO] PluginManage:310 - Check plugin lpbam
2023-06-06 09:33:27,015 [INFO] PluginManage:359 - Loaded plugin lpbam (category:base,tabindex:0)
2023-06-06 09:33:27,015 [INFO] PluginManage:310 - Check plugin pinoutandconfiguration
2023-06-06 09:33:27,022 [INFO] PluginManage:359 - Loaded plugin pinoutandconfiguration (category:base,tabindex:1)
2023-06-06 09:33:27,022 [INFO] PluginManage:310 - Check plugin pinoutconfig
2023-06-06 09:33:27,104 [WARN] SupportedApi:132 - Cannot load RTOS API schema: s4s-elt-must-match.1: The content of 'definitions' must match (annotation?, (simpleType | complexType)?, (unique | key | keyref)*)). A problem was found starting at: attribute.
2023-06-06 09:33:27,227 [INFO] PluginManage:359 - Loaded plugin pinoutconfig (category:base,tabindex:0)
2023-06-06 09:33:27,227 [INFO] PluginManage:310 - Check plugin power
2023-06-06 09:33:27,235 [INFO] PluginManage:359 - Loaded plugin power (category:power,tabindex:4)
2023-06-06 09:33:27,235 [INFO] PluginManage:310 - Check plugin projectmanager
2023-06-06 09:33:27,252 [INFO] PluginManage:359 - Loaded plugin projectmanager (category:projectmanager,tabindex:3)
2023-06-06 09:33:27,252 [INFO] PluginManage:310 - Check plugin thirdparty
2023-06-06 09:33:27,342 [INFO] PluginManage:359 - Loaded plugin thirdparty (category:base,tabindex:-1)
2023-06-06 09:33:27,342 [INFO] PluginManage:310 - Check plugin tools
2023-06-06 09:33:27,342 [WARN] IntegrityCheckThread:84 - waiting for thirdparty lock release [integrity check]
2023-06-06 09:33:27,342 [INFO] IntegrityCheckThread:86 - entering critical section [integrity check]
2023-06-06 09:33:27,343 [INFO] ThirdPartyUpdaterWithRetryManager:70 - Updater plugin not ready yet. [1/15]
2023-06-06 09:33:27,344 [INFO] PluginManage:359 - Loaded plugin tools (category:base,tabindex:7)
2023-06-06 09:33:27,344 [INFO] PluginManage:310 - Check plugin tutovideos
2023-06-06 09:33:27,506 [INFO] PluginManage:359 - Loaded plugin tutovideos (category:base,tabindex:-1)
2023-06-06 09:33:27,506 [INFO] PluginManage:310 - Check plugin updater
2023-06-06 09:33:27,518 [INFO] PluginManage:359 - Loaded plugin updater (category:base,tabindex:12)
2023-06-06 09:33:27,518 [INFO] PluginManage:283 - PluginManage : Loaded plugins [15]
2023-06-06 09:33:27,705 [INFO] PinOutPanel:1499 - setPackage(No Configuration,No Configuration)
2023-06-06 09:33:27,765 [INFO] CADModel:165 - CPN selected for project level
2023-06-06 09:33:27,765 [INFO] CADModel:114 - Register for checkConnection events
2023-06-06 09:33:27,780 [INFO] IPUIPlugin:80 - create IPUIPlugin
2023-06-06 09:33:27,780 [INFO] PluginManager:220 - loadIPPluginJar : add adc
2023-06-06 09:33:27,783 [INFO] IPUIPlugin:80 - create IPUIPlugin
2023-06-06 09:33:27,783 [INFO] PluginManager:220 - loadIPPluginJar : add aes
2023-06-06 09:33:27,785 [INFO] IPUIPlugin:80 - create IPUIPlugin
2023-06-06 09:33:27,785 [INFO] PluginManager:220 - loadIPPluginJar : add can
2023-06-06 09:33:27,786 [INFO] IPUIPlugin:80 - create IPUIPlugin
2023-06-06 09:33:27,786 [INFO] PluginManager:220 - loadIPPluginJar : add comp
2023-06-06 09:33:27,788 [INFO] IPUIPlugin:80 - create IPUIPlugin
2023-06-06 09:33:27,788 [INFO] PluginManager:220 - loadIPPluginJar : add cryp
2023-06-06 09:33:27,791 [INFO] IPUIPlugin:80 - create IPUIPlugin
2023-06-06 09:33:27,791 [INFO] PluginManager:220 - loadIPPluginJar : add dfsdm
2023-06-06 09:33:27,796 [INFO] IPUIPlugin:80 - create IPUIPlugin
2023-06-06 09:33:27,796 [INFO] PluginManager:220 - loadIPPluginJar : add dma
2023-06-06 09:33:27,798 [INFO] IPUIPlugin:80 - create IPUIPlugin
2023-06-06 09:33:27,798 [INFO] PluginManager:220 - loadIPPluginJar : add dma3
2023-06-06 09:33:27,799 [INFO] IPUIPlugin:80 - create IPUIPlugin
2023-06-06 09:33:27,799 [INFO] PluginManager:220 - loadIPPluginJar : add fatfs
2023-06-06 09:33:27,803 [INFO] IPUIPlugin:80 - create IPUIPlugin
2023-06-06 09:33:27,803 [INFO] PluginManager:220 - loadIPPluginJar : add fmc
2023-06-06 09:33:27,808 [INFO] IPUIPlugin:80 - create IPUIPlugin
2023-06-06 09:33:27,808 [INFO] PluginManager:220 - loadIPPluginJar : add freertos
2023-06-06 09:33:27,809 [INFO] IPUIPlugin:80 - create IPUIPlugin
2023-06-06 09:33:27,809 [INFO] PluginManager:220 - loadIPPluginJar : add genericplugin
2023-06-06 09:33:27,811 [INFO] IPUIPlugin:80 - create IPUIPlugin
2023-06-06 09:33:27,811 [INFO] PluginManager:220 - loadIPPluginJar : add gfxmmu
2023-06-06 09:33:27,815 [INFO] IPUIPlugin:80 - create IPUIPlugin
2023-06-06 09:33:27,816 [INFO] PluginManager:220 - loadIPPluginJar : add gic
2023-06-06 09:33:27,819 [INFO] IPUIPlugin:80 - create IPUIPlugin
2023-06-06 09:33:27,819 [INFO] PluginManager:220 - loadIPPluginJar : add gpio
2023-06-06 09:33:27,822 [INFO] IPUIPlugin:80 - create IPUIPlugin
2023-06-06 09:33:27,822 [INFO] PluginManager:220 - loadIPPluginJar : add gtzc
2023-06-06 09:33:27,823 [INFO] IPUIPlugin:80 - create IPUIPlugin
2023-06-06 09:33:27,824 [INFO] PluginManager:220 - loadIPPluginJar : add hash
2023-06-06 09:33:27,826 [INFO] IPUIPlugin:80 - create IPUIPlugin
2023-06-06 09:33:27,826 [INFO] PluginManager:220 - loadIPPluginJar : add i2c
2023-06-06 09:33:27,828 [INFO] IPUIPlugin:80 - create IPUIPlugin
2023-06-06 09:33:27,828 [INFO] PluginManager:220 - loadIPPluginJar : add i2s
2023-06-06 09:33:27,830 [INFO] IPUIPlugin:80 - create IPUIPlugin
2023-06-06 09:33:27,830 [INFO] PluginManager:220 - loadIPPluginJar : add i3c
2023-06-06 09:33:27,833 [INFO] IPUIPlugin:80 - create IPUIPlugin
2023-06-06 09:33:27,833 [INFO] PluginManager:220 - loadIPPluginJar : add ipddr
2023-06-06 09:33:27,840 [INFO] IPUIPlugin:80 - create IPUIPlugin
2023-06-06 09:33:27,840 [INFO] PluginManager:220 - loadIPPluginJar : add linkedlist
2023-06-06 09:33:27,841 [INFO] IPUIPlugin:80 - create IPUIPlugin
2023-06-06 09:33:27,841 [INFO] PluginManager:220 - loadIPPluginJar : add lorawan
2023-06-06 09:33:27,843 [INFO] IPUIPlugin:80 - create IPUIPlugin
2023-06-06 09:33:27,843 [INFO] PluginManager:220 - loadIPPluginJar : add ltdc
2023-06-06 09:33:27,847 [INFO] IPUIPlugin:80 - create IPUIPlugin
2023-06-06 09:33:27,847 [INFO] PluginManager:220 - loadIPPluginJar : add mdma
2023-06-06 09:33:27,850 [INFO] IPUIPlugin:80 - create IPUIPlugin
2023-06-06 09:33:27,850 [INFO] PluginManager:220 - loadIPPluginJar : add nvic
2023-06-06 09:33:27,852 [INFO] IPUIPlugin:80 - create IPUIPlugin
2023-06-06 09:33:27,852 [INFO] PluginManager:220 - loadIPPluginJar : add opamp
2023-06-06 09:33:27,854 [INFO] IPUIPlugin:80 - create IPUIPlugin
2023-06-06 09:33:27,854 [INFO] PluginManager:220 - loadIPPluginJar : add openamp
2023-06-06 09:33:27,857 [INFO] IPUIPlugin:80 - create IPUIPlugin
2023-06-06 09:33:27,857 [INFO] PluginManager:220 - loadIPPluginJar : add pdm2pcm
2023-06-06 09:33:27,861 [INFO] IPUIPlugin:80 - create IPUIPlugin
2023-06-06 09:33:27,863 [INFO] PluginManager:220 - loadIPPluginJar : add plateformsettings
2023-06-06 09:33:27,864 [INFO] IPUIPlugin:80 - create IPUIPlugin
2023-06-06 09:33:27,864 [INFO] PluginManager:220 - loadIPPluginJar : add quadspi
2023-06-06 09:33:27,867 [INFO] IPUIPlugin:80 - create IPUIPlugin
2023-06-06 09:33:27,867 [INFO] PluginManager:220 - loadIPPluginJar : add resmgrutility
2023-06-06 09:33:27,869 [INFO] IPUIPlugin:80 - create IPUIPlugin
2023-06-06 09:33:27,869 [INFO] PluginManager:220 - loadIPPluginJar : add sai
2023-06-06 09:33:27,871 [INFO] IPUIPlugin:80 - create IPUIPlugin
2023-06-06 09:33:27,871 [INFO] PluginManager:220 - loadIPPluginJar : add spi
2023-06-06 09:33:27,875 [INFO] IPUIPlugin:80 - create IPUIPlugin
2023-06-06 09:33:27,875 [INFO] PluginManager:220 - loadIPPluginJar : add stm32_wpan
2023-06-06 09:33:27,876 [INFO] IPUIPlugin:80 - create IPUIPlugin
2023-06-06 09:33:27,876 [INFO] PluginManager:220 - loadIPPluginJar : add tim
2023-06-06 09:33:27,878 [INFO] IPUIPlugin:80 - create IPUIPlugin
2023-06-06 09:33:27,878 [INFO] PluginManager:220 - loadIPPluginJar : add touchsensing
2023-06-06 09:33:27,879 [INFO] IPUIPlugin:80 - create IPUIPlugin
2023-06-06 09:33:27,879 [INFO] PluginManager:220 - loadIPPluginJar : add tracer_emb
2023-06-06 09:33:27,881 [INFO] IPUIPlugin:80 - create IPUIPlugin
2023-06-06 09:33:27,881 [INFO] PluginManager:220 - loadIPPluginJar : add ts
2023-06-06 09:33:27,882 [INFO] IPUIPlugin:80 - create IPUIPlugin
2023-06-06 09:33:27,882 [INFO] PluginManager:220 - loadIPPluginJar : add tsc
2023-06-06 09:33:27,883 [INFO] IPUIPlugin:80 - create IPUIPlugin
2023-06-06 09:33:27,883 [INFO] PluginManager:220 - loadIPPluginJar : add ucpd
2023-06-06 09:33:27,885 [INFO] IPUIPlugin:80 - create IPUIPlugin
2023-06-06 09:33:27,885 [INFO] PluginManager:220 - loadIPPluginJar : add usart
2023-06-06 09:33:27,887 [INFO] IPUIPlugin:80 - create IPUIPlugin
2023-06-06 09:33:27,887 [INFO] PluginManager:220 - loadIPPluginJar : add usbx
2023-06-06 09:33:27,996 [INFO] CADModel:165 - CPN selected for project level
2023-06-06 09:33:27,996 [INFO] CADModel:114 - Register for checkConnection events
2023-06-06 09:33:27,996 [FATAL] Updater:308 - Updater called before beeing initialized
2023-06-06 09:33:27,996 [ERROR] CADModel:125 - Updater not yet initialized, retry later 
2023-06-06 09:33:28,116 [INFO] CADModel:165 - CPN selected for project level
2023-06-06 09:33:28,116 [INFO] CADModel:114 - Register for checkConnection events
2023-06-06 09:33:28,116 [FATAL] Updater:308 - Updater called before beeing initialized
2023-06-06 09:33:28,116 [ERROR] CADModel:125 - Updater not yet initialized, retry later 
2023-06-06 09:33:28,119 [FATAL] Updater:308 - Updater called before beeing initialized
2023-06-06 09:33:28,207 [FATAL] Updater:308 - Updater called before beeing initialized
2023-06-06 09:33:28,213 [INFO] DbMcusAds:53 - JSON generation date=Tue Mar 07 03:50:55 EST 2023 (1678179055335)
2023-06-06 09:33:28,213 [FATAL] Updater:308 - Updater called before beeing initialized
2023-06-06 09:33:28,267 [WARN] DetailPanel:346 - Failed to get advertising image, set to default
2023-06-06 09:33:28,346 [FATAL] Updater:308 - Updater called before beeing initialized
2023-06-06 09:33:28,348 [FATAL] Updater:308 - Updater called before beeing initialized
2023-06-06 09:33:28,348 [FATAL] Updater:308 - Updater called before beeing initialized
2023-06-06 09:33:28,348 [WARN] DetailPanel:346 - Failed to get advertising image, set to default
2023-06-06 09:33:28,349 [FATAL] Updater:308 - Updater called before beeing initialized
2023-06-06 09:33:28,386 [ERROR] Updater:1120 - MainUpdater not yet initialized. External WinMGr cannot be set.
2023-06-06 09:33:28,388 [INFO] Updater:1056 - Updater Version found : 6.8.0
2023-06-06 09:33:28,404 [INFO] ApplicationProperties:184 - Using Application install path: C:\ST\STM32CubeIDE_1.11.0\STM32CubeIDE\plugins\com.st.stm32cube.common.mx_6.8.0.202302231600
2023-06-06 09:33:28,527 [INFO] MainUpdater:2854 - connection check result : 10
2023-06-06 09:33:28,527 [INFO] MainUpdater:3548 - Updater definition file requires update
2023-06-06 09:33:28,528 [INFO] MainUpdater:283 - Updater Check For Update Now.
2023-06-06 09:33:28,528 [INFO] MicroXplorer:498 - Change Database Version : DB.6.0.80
2023-06-06 09:33:28,553 [INFO] ServerAccessManage:473 - Download File updaters.zip
2023-06-06 09:33:28,594 [INFO] FileExtend:240 - Unzip File : updaters.zip
2023-06-06 09:33:28,594 [INFO] FileExtend:255 - Standard Zip Deflate
2023-06-06 09:33:28,825 [INFO] ServerAccessManage:473 - Download File PacksControlFlags.xml
2023-06-06 09:33:28,873 [INFO] ServerAccessManage:473 - Download File cubemx.pidx
2023-06-06 09:33:29,409 [INFO] ServerAccessManage:473 - Download File STMicroelectronics.X-CUBE-AZRTOS-WL.pdsc
2023-06-06 09:33:29,847 [INFO] LogOutputStream:77 - [STDOUT_REDIRECT] 1 : Invalid condition id : UX_CORESTACK_Condition cause : null
2023-06-06 09:33:29,847 [INFO] LogOutputStream:77 - [STDOUT_REDIRECT] 1 : Invalid condition id : UX_CORESTACK_Condition cause : null
2023-06-06 09:33:29,848 [INFO] LogOutputStream:77 - [STDOUT_REDIRECT] 1 : Invalid condition id : UX_CORESTACK_Condition cause : null
2023-06-06 09:33:29,848 [INFO] LogOutputStream:77 - [STDOUT_REDIRECT] 1 : Invalid condition id : UX_CORESTACK_Condition cause : null
2023-06-06 09:33:29,849 [INFO] LogOutputStream:77 - [STDOUT_REDIRECT] 1 : Invalid condition id : UX_CORESTACK_Condition cause : null
2023-06-06 09:33:29,853 [WARN] PackLoader:240 - Cannot read IP mode file for STMicroelectronics.X-CUBE-AZRTOS-WL.2.0.0
2023-06-06 09:33:29,855 [INFO] PopulateThirdPartyThread:66 - Ending populate Thread
2023-06-06 09:33:29,857 [INFO] ThirdParty:1030 - CMSIS Pack Vendor :STMicroelectronics X-CUBE-AZRTOS-WL 2.0.0
2023-06-06 09:33:29,857 [INFO] LoadServerUpdatesThread:373 - End of LoadServerUpdate Thread
2023-06-06 09:33:29,956 [INFO] CheckServerUpdateThread:120 - End of CheckServer Thread
2023-06-06 09:33:29,985 [INFO] MainUpdater:2854 - connection check result : 10
2023-06-06 09:33:29,986 [INFO] MainUpdater:2854 - connection check result : 10
2023-06-06 09:33:30,021 [INFO] MicroXplorer:468 - Change Database Path : 
2023-06-06 09:33:30,022 [INFO] MicroXplorer:498 - Change Database Version : DB.6.0.80
2023-06-06 09:33:30,022 [WARN] ThirdParty:871 - waiting for thirdparty lock release [close project]
2023-06-06 09:33:30,463 [WARN] PackLoader:240 - Cannot read IP mode file for STMicroelectronics.X-CUBE-GNSS1.6.0.0
2023-06-06 09:33:30,478 [WARN] PackLoader:240 - Cannot read IP mode file for STMicroelectronics.X-CUBE-AZRTOS-F4.1.1.0
2023-06-06 09:33:30,486 [WARN] PackLoader:240 - Cannot read IP mode file for STMicroelectronics.X-CUBE-SMBUS.2.1.0
2023-06-06 09:33:30,498 [WARN] PackLoader:240 - Cannot read IP mode file for STMicroelectronics.X-CUBE-AZRTOS-F7.1.1.0
2023-06-06 09:33:30,527 [WARN] PackLoader:240 - Cannot read IP mode file for STMicroelectronics.X-CUBE-MEMS1.9.6.0
2023-06-06 09:33:30,643 [ERROR] RealEvaluatedCondition:428 - Found unsupported composite condition: CLASS='Data Exchange' GROUP='STM32_MetaDataManager'
2023-06-06 09:33:30,644 [ERROR] RealEvaluatedCondition:428 - Found unsupported composite condition: GROUP='STM32_MetaDataManager' CLASS='Data Exchange'
2023-06-06 09:33:30,645 [WARN] PackLoader:240 - Cannot read IP mode file for STMicroelectronics.FP-SNS-MOTENV1.4.3.0
2023-06-06 09:33:30,650 [WARN] PackLoader:240 - Cannot read IP mode file for STMicroelectronics.FP-SNS-FLIGHT1.5.0.0
2023-06-06 09:33:30,653 [ERROR] RealEvaluatedCondition:428 - Found unsupported composite condition: CLASS='Data Exchange' GROUP='STM32_MetaDataManager'
2023-06-06 09:33:30,654 [ERROR] RealEvaluatedCondition:428 - Found unsupported composite condition: CLASS='Data Exchange' GROUP='STM32_MetaDataManager'
2023-06-06 09:33:30,655 [WARN] PackLoader:240 - Cannot read IP mode file for STMicroelectronics.FP-SNS-MOTENV1.4.3.1
2023-06-06 09:33:30,659 [WARN] PackLoader:240 - Cannot read IP mode file for STMicroelectronics.FP-SNS-FLIGHT1.5.0.1
2023-06-06 09:33:30,664 [WARN] PackLoader:240 - Cannot read IP mode file for STMicroelectronics.X-CUBE-BLE1.6.2.4
2023-06-06 09:33:30,671 [WARN] PackLoader:240 - Cannot read IP mode file for emotas.I-CUBE-CANOPEN.1.1.3
2023-06-06 09:33:30,679 [WARN] PackLoader:240 - Cannot read IP mode file for STMicroelectronics.X-CUBE-BLEMGR.2.0.0
2023-06-06 09:33:30,686 [WARN] PackLoader:240 - Cannot read IP mode file for STMicroelectronics.X-CUBE-NFC4.2.0.5
2023-06-06 09:33:30,699 [WARN] ConditionMgr:438 - getConditionDescription Invalid condition id : UX DEVICE CLASS RTOS Condition cause : null
2023-06-06 09:33:30,700 [WARN] ConditionMgr:438 - getConditionDescription Invalid condition id : UX DEVICE CLASS RTOS Condition cause : null
2023-06-06 09:33:30,702 [WARN] PackLoader:240 - Cannot read IP mode file for STMicroelectronics.X-CUBE-AZRTOS-H7.3.1.0
2023-06-06 09:33:30,703 [WARN] ConditionMgr:1039 - genDependencies : Invalid condition id : UX DEVICE CLASS RTOS Condition cause : null
2023-06-06 09:33:30,703 [WARN] ConditionMgr:1039 - genDependencies : Invalid condition id : UX DEVICE CLASS RTOS Condition cause : null
2023-06-06 09:33:30,704 [WARN] ConditionMgr:1039 - genDependencies : Invalid condition id : UX DEVICE CLASS RTOS Condition cause : null
2023-06-06 09:33:30,704 [WARN] ConditionMgr:1039 - genDependencies : Invalid condition id : UX DEVICE CLASS RTOS Condition cause : null
2023-06-06 09:33:30,704 [WARN] ConditionMgr:1039 - genDependencies : Invalid condition id : UX DEVICE CLASS RTOS Condition cause : null
2023-06-06 09:33:30,713 [WARN] PackLoader:240 - Cannot read IP mode file for STMicroelectronics.X-CUBE-DISPLAY.3.0.0
2023-06-06 09:33:30,721 [WARN] PackLoader:240 - Cannot read IP mode file for wolfSSL.I-CUBE-wolfSSL.5.5.3
2023-06-06 09:33:30,727 [WARN] PackLoader:240 - Cannot read IP mode file for STMicroelectronics.X-CUBE-NFC7.1.0.0
2023-06-06 09:33:30,733 [WARN] PackLoader:240 - Cannot read IP mode file for STMicroelectronics.X-CUBE-EEPRMA1.4.1.0
2023-06-06 09:33:30,741 [INFO] LogOutputStream:77 - [STDOUT_REDIRECT] 1 : Invalid condition id : UX_CORESTACK_Condition cause : null
2023-06-06 09:33:30,742 [INFO] LogOutputStream:77 - [STDOUT_REDIRECT] 1 : Invalid condition id : UX_CORESTACK_Condition cause : null
2023-06-06 09:33:30,743 [INFO] LogOutputStream:77 - [STDOUT_REDIRECT] 1 : Invalid condition id : UX_CORESTACK_Condition cause : null
2023-06-06 09:33:30,743 [INFO] LogOutputStream:77 - [STDOUT_REDIRECT] 1 : Invalid condition id : UX_CORESTACK_Condition cause : null
2023-06-06 09:33:30,744 [INFO] LogOutputStream:77 - [STDOUT_REDIRECT] 1 : Invalid condition id : UX_CORESTACK_Condition cause : null
2023-06-06 09:33:30,747 [WARN] PackLoader:240 - Cannot read IP mode file for STMicroelectronics.X-CUBE-AZRTOS-WL.2.0.0
2023-06-06 09:33:30,760 [WARN] ConditionMgr:438 - getConditionDescription Invalid condition id : LAN8742 Phy interface Condition cause : null
2023-06-06 09:33:30,761 [WARN] PackLoader:240 - Cannot read IP mode file for STMicroelectronics.X-CUBE-AZRTOS-L4.2.0.0
2023-06-06 09:33:30,761 [WARN] ConditionMgr:1039 - genDependencies : Invalid condition id : LAN8742 Phy interface Condition cause : null
2023-06-06 09:33:30,761 [WARN] ConditionMgr:1039 - genDependencies : Invalid condition id : LAN8742 Phy interface Condition cause : null
2023-06-06 09:33:30,762 [WARN] ConditionMgr:1039 - genDependencies : Invalid condition id : LAN8742 Phy interface Condition cause : null
2023-06-06 09:33:30,768 [WARN] PackLoader:240 - Cannot read IP mode file for WES.I-CUBE-Cesium.1.3.0
2023-06-06 09:33:30,775 [WARN] PackLoader:240 - Cannot read IP mode file for STMicroelectronics.X-CUBE-SFXS2LP1.4.0.0
2023-06-06 09:33:30,779 [WARN] PackLoader:240 - Cannot read IP mode file for STMicroelectronics.X-CUBE-BLE2.3.3.0
2023-06-06 09:33:30,784 [WARN] PackLoader:240 - Cannot read IP mode file for STMicroelectronics.X-CUBE-DISPLAY.2.2.0
2023-06-06 09:33:30,793 [WARN] PackLoader:240 - Cannot read IP mode file for STMicroelectronics.X-CUBE-TOF1.3.2.0
2023-06-06 09:33:30,808 [WARN] PackLoader:240 - Cannot read IP mode file for STMicroelectronics.X-CUBE-AZRTOS-H7.3.0.0
2023-06-06 09:33:30,814 [WARN] PackLoader:240 - Cannot read IP mode file for STMicroelectronics.X-CUBE-ISPU.1.1.0
2023-06-06 09:33:30,819 [WARN] PackLoader:240 - Cannot read IP mode file for RoweBots.I-CUBE-UNISONRTOS.5.5.0-4
2023-06-06 09:33:30,834 [WARN] PackLoader:240 - Cannot read IP mode file for STMicroelectronics.X-CUBE-AZRTOS-H7.2.1.0
2023-06-06 09:33:30,841 [WARN] PackLoader:240 - Cannot read IP mode file for STMicroelectronics.X-CUBE-AI.8.0.0
2023-06-06 09:33:30,847 [WARN] PackLoader:240 - Cannot read IP mode file for STMicroelectronics.X-CUBE-FREERTOS.1.0.0
2023-06-06 09:33:30,850 [WARN] PackLoader:240 - Cannot read IP mode file for STMicroelectronics.X-CUBE-FREERTOS.1.0.1
2023-06-06 09:33:30,853 [WARN] PackLoader:240 - Cannot read IP mode file for STMicroelectronics.X-CUBE-TOUCHGFX.4.21.3
2023-06-06 09:33:30,855 [WARN] PackLoader:240 - Cannot read IP mode file for STMicroelectronics.X-CUBE-TOUCHGFX.4.21.4
2023-06-06 09:33:30,890 [WARN] PackLoader:240 - Cannot read IP mode file for STMicroelectronics.X-CUBE-MEMS1.9.4.0
2023-06-06 09:33:30,992 [WARN] PackLoader:240 - Cannot read IP mode file for STMicroelectronics.X-CUBE-AI.7.3.0
2023-06-06 09:33:31,001 [WARN] PackLoader:240 - Cannot read IP mode file for STMicroelectronics.X-CUBE-ALGOBUILD.1.3.0
2023-06-06 09:33:31,015 [WARN] PackLoader:240 - Cannot read IP mode file for STMicroelectronics.X-CUBE-AZRTOS-L5.1.1.0
2023-06-06 09:33:31,032 [WARN] PackLoader:240 - Cannot read IP mode file for STMicroelectronics.X-CUBE-AZRTOS-G0.1.1.0
2023-06-06 09:33:31,038 [WARN] PackLoader:240 - Cannot read IP mode file for STMicroelectronics.X-CUBE-AI.8.0.1
2023-06-06 09:33:31,051 [WARN] PackLoader:240 - Cannot read IP mode file for STMicroelectronics.X-CUBE-SUBG2.5.0.0
2023-06-06 09:33:31,062 [WARN] PackLoader:240 - Cannot read IP mode file for STMicroelectronics.X-CUBE-NFC4.3.0.0
2023-06-06 09:33:31,076 [WARN] PackLoader:240 - Cannot read IP mode file for STMicroelectronics.X-CUBE-AZRTOS-G4.2.0.0
2023-06-06 09:33:31,087 [WARN] PackLoader:240 - Cannot read IP mode file for STMicroelectronics.X-CUBE-TOF1.3.3.0
2023-06-06 09:33:31,101 [WARN] PackLoader:240 - Cannot read IP mode file for STMicroelectronics.FP-ATR-ASTRA1.1.1.1
2023-06-06 09:33:31,108 [WARN] PackLoader:240 - Cannot read IP mode file for STMicroelectronics.X-CUBE-BLEMGR.1.3.0
2023-06-06 09:33:31,121 [WARN] PackLoader:240 - Cannot read IP mode file for STMicroelectronics.X-CUBE-AZRTOS-G4.1.0.0
2023-06-06 09:33:31,129 [WARN] PackLoader:240 - Cannot read IP mode file for STMicroelectronics.FP-ATR-SIGFOX1.3.2.0
2023-06-06 09:33:31,146 [WARN] PackLoader:240 - Cannot read IP mode file for STMicroelectronics.X-CUBE-AZRTOS-L4.1.0.0
2023-06-06 09:33:31,159 [WARN] PackLoader:240 - Cannot read IP mode file for STMicroelectronics.X-CUBE-TOUCHGFX.4.20.0
2023-06-06 09:33:31,169 [WARN] PackLoader:240 - Cannot read IP mode file for STMicroelectronics.X-CUBE-AZRTOS-WL.1.0.0
2023-06-06 09:33:31,200 [WARN] PackLoader:240 - Cannot read IP mode file for portGmbH.I-Cube-SoM-uGOAL.1.1.0
2023-06-06 09:33:31,208 [WARN] PackLoader:240 - Cannot read IP mode file for STMicroelectronics.X-CUBE-ALS.1.0.1
2023-06-06 09:33:31,255 [WARN] PackLoader:240 - Cannot read IP mode file for STMicroelectronics.X-CUBE-MEMS1.9.5.0
2023-06-06 09:33:31,359 [WARN] PackLoader:240 - Cannot read IP mode file for STMicroelectronics.X-CUBE-AZRTOS-WB.1.1.0
2023-06-06 09:33:31,385 [WARN] PackLoader:240 - Cannot read IP mode file for SEGGER.I-CUBE-embOS.1.3.1
2023-06-06 09:33:31,406 [WARN] PackLoader:240 - Cannot read IP mode file for STMicroelectronics.X-CUBE-EEPRMA1.3.1.1
2023-06-06 09:33:31,426 [WARN] PackLoader:240 - Cannot read IP mode file for SEGGER.I-CUBE-embOS.1.3.0
2023-06-06 09:33:31,462 [WARN] PackLoader:240 - Cannot read IP mode file for STMicroelectronics.FP-ATR-ASTRA1.2.0.0
2023-06-06 09:33:31,463 [INFO] ThirdParty:978 - Integrity check success = true
2023-06-06 09:33:31,463 [INFO] IntegrityCheckThread:100 - exiting critical section [integrity check]
2023-06-06 09:33:31,463 [INFO] IntegrityCheckThread:103 - End integrity checks thread
2023-06-06 09:33:31,463 [INFO] ThirdParty:873 - entering critical section [close project]
2023-06-06 09:33:31,465 [INFO] ThirdParty:883 - exiting critical section [close project]
2023-06-06 09:33:31,471 [INFO] PinOutPanel:1499 - setPackage(No Configuration,No Configuration)
2023-06-06 09:33:31,478 [INFO] UtilMem:75 - Begin LoadConfig() Used Memory: 439536360 Bytes (678428672)
2023-06-06 09:33:31,480 [INFO] MicroXplorer:468 - Change Database Path : 
2023-06-06 09:33:31,480 [INFO] MicroXplorer:498 - Change Database Version : DB.6.0.80
2023-06-06 09:33:31,480 [INFO] OpenFileManager:308 - Change cursor
2023-06-06 09:33:31,521 [INFO] Mcu:1937 - Initializing MCU STM32F051R8Tx STM32F051R8Tx STM32F051R8T6
